#
# A fatal error has been detected by the Java Runtime Environment:
#
#  SIGSEGV (0xb) at pc=0x000000010f289bac, pid=12602, tid=0x0000000000004b03
#
# JRE version: Java(TM) SE Runtime Environment (8.0_221-b11) (build 1.8.0_221-b11)
# Java VM: Java HotSpot(TM) 64-Bit Server VM (25.221-b11 mixed mode bsd-amd64 compressed oops)
# Problematic frame:
# V  [libjvm.dylib+0x289bac]  GenerateOopMap::do_field(int, int, int, int)+0x48
#
# Failed to write core dump. Core dumps have been disabled. To enable core dumping, try "ulimit -c unlimited" before starting Java again
#
# If you would like to submit a bug report, please visit:
#   http://bugreport.java.com/bugreport/crash.jsp
#

---------------  T H R E A D  ---------------

Current thread (0x00007f929e005000):  VMThread [stack: 0x000070000ef5b000,0x000070000f05b000] [id=19203]

siginfo: si_signo: 11 (SIGSEGV), si_code: 1 (SEGV_MAPERR), si_addr: 0x0000000000420047

Registers:
RAX=0x000000000042003f, RBX=0x0000000000000019, RCX=0x0000000000100005, RDX=0x0000000000000000
RSP=0x000070000f05a4e0, RBP=0x000070000f05a530, RSI=0x0000000000009d51, RDI=0x0000000111e87e58
R8 =0x0000000000000019, R9 =0x000000008a000000, R10=0x00007f929eb00000, R11=0xffffffffffffffc0
R12=0x000070000f05a6f8, R13=0x0000000111e87e58, R14=0x0000000000000001, R15=0x0000000000000001
RIP=0x000000010f289bac, EFLAGS=0x0000000000010202, ERR=0x0000000000000004
  TRAPNO=0x000000000000000e

Top of Stack: (sp=0x000070000f05a4e0)
0x000070000f05a4e0:   000070000f05a500 000000010f5ae166
0x000070000f05a4f0:   000070000f05a548 000070000f05a6f8
0x000070000f05a500:   000070000f05a530 00007f929ea03e50
0x000070000f05a510:   000070000f05a548 0000000111e88910
0x000070000f05a520:   000070000f05a6f8 0000000000000075
0x000070000f05a530:   000070000f05a5b0 000000010f28b608
0x000070000f05a540:   000070000f05a5e0 000070000f05a580
0x000070000f05a550:   0000000111e88910 00007f929e005000
0x000070000f05a560:   0000001c00000019 000000b200000075
0x000070000f05a570:   000000b20f050000 0000000111e88910
0x000070000f05a580:   00007f929e005000 0000000111e88910
0x000070000f05a590:   000070000f05a6f8 0000000111e88910
0x000070000f05a5a0:   0000000000000000 0000000000000028
0x000070000f05a5b0:   000070000f05a5e0 000000010f28b857
0x000070000f05a5c0:   000070000f05a5e0 000070000f05a6f8
0x000070000f05a5d0:   000070000f05a6f8 0000000111e88910
0x000070000f05a5e0:   000070000f05a600 000000010f28bdee
0x000070000f05a5f0:   000070000f05a6f8 00007f929e005000
0x000070000f05a600:   000070000f05a690 000000010f28c207
0x000070000f05a610:   000000010f630000 0000000000000000
0x000070000f05a620:   00007f929f005f60 0000000000000000
0x000070000f05a630:   0000000000000100 000070000f050100
0x000070000f05a640:   0000000000000000 00007fff7b810b03
0x000070000f05a650:   0000000000000000 000070000f05ac28
0x000070000f05a660:   0000000111e88910 00007f929e005000
0x000070000f05a670:   0000000111e88910 000070000f05a6f8
0x000070000f05a680:   00007f929e005000 00007f929eb2b860
0x000070000f05a690:   000070000f05a6e0 000000010f4861f5
0x000070000f05a6a0:   00007f929d603a30 00007f929ea03d90
0x000070000f05a6b0:   00007f929ea03da0 00007f929ea04178
0x000070000f05a6c0:   00000000000003d8 0000000000000020
0x000070000f05a6d0:   000070000f05a888 00007f929eb2b860 

Instructions: (pc=0x000000010f289bac)
0x000000010f289b8c:   68 08 31 d2 4c 89 ef 89 ce e8 be 8b f5 ff 4c 89
0x000000010f289b9c:   ef 89 c6 e8 9c 8a f5 ff 48 63 c0 49 8b 44 c5 50
0x000000010f289bac:   8a 40 08 3c 5a 7f 2b 3c 44 74 1e 3c 4a 74 1a 3c
0x000000010f289bbc:   4c 74 23 3c 56 48 8d 05 d8 cc 68 00 48 8d 1d e1 

Register to memory mapping:

RAX=0x000000000042003f is an unknown value
RBX=0x0000000000000019 is an unknown value
RCX=0x0000000000100005 is an unknown value
RDX=0x0000000000000000 is an unknown value
RSP=0x000070000f05a4e0 is an unknown value
RBP=0x000070000f05a530 is an unknown value
RSI=0x0000000000009d51 is an unknown value
RDI=0x0000000111e87e58 is pointing into metadata
R8 =0x0000000000000019 is an unknown value
R9 =0x000000008a000000 is an unknown value
R10=0x00007f929eb00000 is an unknown value
R11=0xffffffffffffffc0 is an unknown value
R12=0x000070000f05a6f8 is an unknown value
R13=0x0000000111e87e58 is pointing into metadata
R14=0x0000000000000001 is an unknown value
R15=0x0000000000000001 is an unknown value


Stack: [0x000070000ef5b000,0x000070000f05b000],  sp=0x000070000f05a4e0,  free space=1021k
Native frames: (J=compiled Java code, j=interpreted, Vv=VM code, C=native code)
V  [libjvm.dylib+0x289bac]  GenerateOopMap::do_field(int, int, int, int)+0x48
V  [libjvm.dylib+0x28b608]  GenerateOopMap::interp_bb(BasicBlock*)+0x104
V  [libjvm.dylib+0x28b857]  GenerateOopMap::interp_all()+0x31
V  [libjvm.dylib+0x28bdee]  GenerateOopMap::do_interpretation()+0x44
V  [libjvm.dylib+0x28c207]  GenerateOopMap::compute_map(Thread*)+0x1fb
V  [libjvm.dylib+0x4861f5]  OopMapForCacheEntry::compute_map(Thread*)+0x8f
V  [libjvm.dylib+0x4863fe]  OopMapCacheEntry::fill(methodHandle, int)+0x19e
V  [libjvm.dylib+0x4865df]  OopMapCache::compute_one_oop_map(methodHandle, int, InterpreterOopMap*)+0x16b
V  [libjvm.dylib+0x486896]  OopMapCache::lookup(methodHandle, int, InterpreterOopMap*) const+0x25c
V  [libjvm.dylib+0x2c3b34]  InstanceKlass::mask_for(methodHandle, int, InterpreterOopMap*)+0xd2
V  [libjvm.dylib+0x453f21]  Method::mask_for(int, InterpreterOopMap*)+0xb3
V  [libjvm.dylib+0x39c033]  VM_GetOrSetLocal::doit()+0x47
V  [libjvm.dylib+0x5be615]  VM_Operation::evaluate()+0x4f
V  [libjvm.dylib+0x5bcbad]  VMThread::evaluate_operation(VM_Operation*)+0xdf
V  [libjvm.dylib+0x5bcffa]  VMThread::loop()+0x328
V  [libjvm.dylib+0x5bc919]  VMThread::run()+0x79
V  [libjvm.dylib+0x48f30a]  java_start(Thread*)+0xf6
C  [libsystem_pthread.dylib+0x32eb]  _pthread_body+0x7e
C  [libsystem_pthread.dylib+0x6249]  _pthread_start+0x42
C  [libsystem_pthread.dylib+0x240d]  thread_start+0xd

VM_Operation (0x000070000f466978): GetOrSetLocal, mode: safepoint, requested by thread 0x00007f929f039000


---------------  P R O C E S S  ---------------

Java Threads: ( => current thread )
  0x00007f929e1e2800 JavaThread "ReaderThread" [_thread_in_native, id=23555, stack(0x000070000fc82000,0x000070000fd82000)]
  0x00007f929f0bf000 JavaThread "Service Thread" daemon [_thread_blocked, id=22787, stack(0x000070000fa7c000,0x000070000fb7c000)]
  0x00007f92a096f000 JavaThread "C1 CompilerThread3" daemon [_thread_blocked, id=22275, stack(0x000070000f979000,0x000070000fa79000)]
  0x00007f92a095e000 JavaThread "C2 CompilerThread2" daemon [_thread_blocked, id=43267, stack(0x000070000f876000,0x000070000f976000)]
  0x00007f929f0be000 JavaThread "C2 CompilerThread1" daemon [_thread_blocked, id=21763, stack(0x000070000f773000,0x000070000f873000)]
  0x00007f929e10f000 JavaThread "C2 CompilerThread0" daemon [_thread_blocked, id=15619, stack(0x000070000f670000,0x000070000f770000)]
  0x00007f92a000c800 JavaThread "JDWP Command Reader" daemon [_thread_in_native, id=15363, stack(0x000070000f56d000,0x000070000f66d000)]
  0x00007f92a000c000 JavaThread "JDWP Event Helper Thread" daemon [_thread_blocked, id=16643, stack(0x000070000f46a000,0x000070000f56a000)]
  0x00007f929f039000 JavaThread "JDWP Transport Listener: dt_socket" daemon [_thread_blocked, id=17159, stack(0x000070000f367000,0x000070000f467000)]
  0x00007f929f028800 JavaThread "Signal Dispatcher" daemon [_thread_blocked, id=15107, stack(0x000070000f264000,0x000070000f364000)]
  0x00007f929f00b800 JavaThread "Finalizer" daemon [_thread_blocked, id=13571, stack(0x000070000f161000,0x000070000f261000)]
  0x00007f92a0004800 JavaThread "Reference Handler" daemon [_thread_blocked, id=13059, stack(0x000070000f05e000,0x000070000f15e000)]
  0x00007f929d807000 JavaThread "main" [_thread_blocked, id=9987, stack(0x000070000e43a000,0x000070000e53a000)]

Other Threads:
=>0x00007f929e005000 VMThread [stack: 0x000070000ef5b000,0x000070000f05b000] [id=19203]
  0x00007f929d806800 WatcherThread [stack: 0x000070000fb7f000,0x000070000fc7f000] [id=23043]

VM state:at safepoint (normal execution)

VM Mutex/Monitor currently owned by a thread:  ([mutex/lock_event])
[0x00007f929e801cc0] Threads_lock - owner thread: 0x00007f929e005000

heap address: 0x00000006c0000000, size: 4096 MB, Compressed Oops mode: Zero based, Oop shift amount: 3
Narrow klass base: 0x0000000000000000, Narrow klass shift: 3
Compressed class space size: 1073741824 Address: 0x00000007c0000000

Heap:
 PSYoungGen      total 198656K, used 36987K [0x000000076ab00000, 0x0000000777800000, 0x00000007c0000000)
  eden space 189440K, 19% used [0x000000076ab00000,0x000000076cf1efb8,0x0000000776400000)
  from space 9216K, 0% used [0x0000000776d80000,0x0000000776d80000,0x0000000777680000)
  to   space 9728K, 0% used [0x0000000776400000,0x0000000776400000,0x0000000776d80000)
 ParOldGen       total 142848K, used 11877K [0x00000006c0000000, 0x00000006c8b80000, 0x000000076ab00000)
  object space 142848K, 8% used [0x00000006c0000000,0x00000006c0b995f0,0x00000006c8b80000)
 Metaspace       used 34617K, capacity 36690K, committed 36696K, reserved 1081344K
  class space    used 4851K, capacity 5242K, committed 5248K, reserved 1048576K

Card table byte_map: [0x0000000110379000,0x0000000110b7a000] byte_map_base: 0x000000010cd79000

Marking Bits: (ParMarkBitMap*) 0x000000010f8fbe40
 Begin Bits: [0x0000000126929000, 0x000000012a929000)
 End Bits:   [0x000000012a929000, 0x000000012e929000)

Polling page: 0x000000010d674000

CodeCache: size=245760Kb used=12242Kb max_used=12602Kb free=233517Kb
 bounds [0x0000000117929000, 0x0000000118599000, 0x0000000126929000]
 total_blobs=3520 nmethods=3129 adapters=311
 compilation: enabled

Compilation events (10 events):
Event: 14.020 Thread 0x00007f929e10f000 3223       4       java.util.HashSet::add (20 bytes)
Event: 14.021 Thread 0x00007f929e10f000 nmethod 3223 0x0000000117b12450 code [0x0000000117b125c0, 0x0000000117b12858]
Event: 14.022 Thread 0x00007f929e10f000 3221       4       java.lang.Character::isWhitespace (9 bytes)
Event: 14.023 Thread 0x00007f929e10f000 nmethod 3221 0x0000000117aabf50 code [0x0000000117aac180, 0x0000000117aac2f8]
Event: 14.023 Thread 0x00007f929e10f000 3217       4       java.lang.invoke.MethodType$ConcurrentWeakInternSet::get (54 bytes)
Event: 14.025 Thread 0x00007f929f0be000 nmethod 3222 0x000000011851eb50 code [0x000000011851ee00, 0x000000011851fb98]
Event: 14.045 Thread 0x00007f929e10f000 nmethod 3217 0x0000000118562a50 code [0x0000000118562ce0, 0x00000001185647e8]
Event: 14.161 Thread 0x00007f92a095e000 nmethod 3215 0x000000011856e1d0 code [0x000000011856e840, 0x0000000118575458]
Event: 623.197 Thread 0x00007f929f0be000 3225       4       org.eclipse.jdt.launching.internal.org.objectweb.asm.ClassReader::readField (667 bytes)
Event: 623.334 Thread 0x00007f929f0be000 nmethod 3225 0x0000000118584210 code [0x00000001185846a0, 0x000000011858b758]

GC Heap History (10 events):
Event: 3.780 GC heap before
{Heap before GC invocations=6 (full 1):
 PSYoungGen      total 76288K, used 65536K [0x000000076ab00000, 0x0000000774000000, 0x00000007c0000000)
  eden space 65536K, 100% used [0x000000076ab00000,0x000000076eb00000,0x000000076eb00000)
  from space 10752K, 0% used [0x000000076f580000,0x000000076f580000,0x0000000770000000)
  to   space 10752K, 0% used [0x000000076eb00000,0x000000076eb00000,0x000000076f580000)
 ParOldGen       total 91648K, used 5557K [0x00000006c0000000, 0x00000006c5980000, 0x000000076ab00000)
  object space 91648K, 6% used [0x00000006c0000000,0x00000006c056d690,0x00000006c5980000)
 Metaspace       used 23467K, capacity 24674K, committed 24960K, reserved 1071104K
  class space    used 3383K, capacity 3622K, committed 3712K, reserved 1048576K
Event: 3.782 GC heap after
Heap after GC invocations=6 (full 1):
 PSYoungGen      total 76288K, used 4066K [0x000000076ab00000, 0x0000000772580000, 0x00000007c0000000)
  eden space 65536K, 0% used [0x000000076ab00000,0x000000076ab00000,0x000000076eb00000)
  from space 10752K, 37% used [0x000000076eb00000,0x000000076eef8a38,0x000000076f580000)
  to   space 7680K, 0% used [0x0000000771e00000,0x0000000771e00000,0x0000000772580000)
 ParOldGen       total 91648K, used 5565K [0x00000006c0000000, 0x00000006c5980000, 0x000000076ab00000)
  object space 91648K, 6% used [0x00000006c0000000,0x00000006c056f690,0x00000006c5980000)
 Metaspace       used 23467K, capacity 24674K, committed 24960K, reserved 1071104K
  class space    used 3383K, capacity 3622K, committed 3712K, reserved 1048576K
}
Event: 3.955 GC heap before
{Heap before GC invocations=7 (full 1):
 PSYoungGen      total 76288K, used 69602K [0x000000076ab00000, 0x0000000772580000, 0x00000007c0000000)
  eden space 65536K, 100% used [0x000000076ab00000,0x000000076eb00000,0x000000076eb00000)
  from space 10752K, 37% used [0x000000076eb00000,0x000000076eef8a38,0x000000076f580000)
  to   space 7680K, 0% used [0x0000000771e00000,0x0000000771e00000,0x0000000772580000)
 ParOldGen       total 91648K, used 5565K [0x00000006c0000000, 0x00000006c5980000, 0x000000076ab00000)
  object space 91648K, 6% used [0x00000006c0000000,0x00000006c056f690,0x00000006c5980000)
 Metaspace       used 27289K, capacity 28646K, committed 28672K, reserved 1073152K
  class space    used 3819K, capacity 4094K, committed 4096K, reserved 1048576K
Event: 3.961 GC heap after
Heap after GC invocations=7 (full 1):
 PSYoungGen      total 117760K, used 5574K [0x000000076ab00000, 0x0000000772900000, 0x00000007c0000000)
  eden space 110080K, 0% used [0x000000076ab00000,0x000000076ab00000,0x0000000771680000)
  from space 7680K, 72% used [0x0000000771e00000,0x0000000772371a90,0x0000000772580000)
  to   space 7680K, 0% used [0x0000000771680000,0x0000000771680000,0x0000000771e00000)
 ParOldGen       total 91648K, used 5573K [0x00000006c0000000, 0x00000006c5980000, 0x000000076ab00000)
  object space 91648K, 6% used [0x00000006c0000000,0x00000006c0571690,0x00000006c5980000)
 Metaspace       used 27289K, capacity 28646K, committed 28672K, reserved 1073152K
  class space    used 3819K, capacity 4094K, committed 4096K, reserved 1048576K
}
Event: 4.466 GC heap before
{Heap before GC invocations=8 (full 1):
 PSYoungGen      total 117760K, used 115654K [0x000000076ab00000, 0x0000000772900000, 0x00000007c0000000)
  eden space 110080K, 100% used [0x000000076ab00000,0x0000000771680000,0x0000000771680000)
  from space 7680K, 72% used [0x0000000771e00000,0x0000000772371a90,0x0000000772580000)
  to   space 7680K, 0% used [0x0000000771680000,0x0000000771680000,0x0000000771e00000)
 ParOldGen       total 91648K, used 5573K [0x00000006c0000000, 0x00000006c5980000, 0x000000076ab00000)
  object space 91648K, 6% used [0x00000006c0000000,0x00000006c0571690,0x00000006c5980000)
 Metaspace       used 31991K, capacity 33634K, committed 33792K, reserved 1079296K
  class space    used 4473K, capacity 4824K, committed 4864K, reserved 1048576K
Event: 4.473 GC heap after
Heap after GC invocations=8 (full 1):
 PSYoungGen      total 117760K, used 7652K [0x000000076ab00000, 0x0000000777680000, 0x00000007c0000000)
  eden space 110080K, 0% used [0x000000076ab00000,0x000000076ab00000,0x0000000771680000)
  from space 7680K, 99% used [0x0000000771680000,0x0000000771df9158,0x0000000771e00000)
  to   space 9216K, 0% used [0x0000000776d80000,0x0000000776d80000,0x0000000777680000)
 ParOldGen       total 91648K, used 7097K [0x00000006c0000000, 0x00000006c5980000, 0x000000076ab00000)
  object space 91648K, 7% used [0x00000006c0000000,0x00000006c06ee468,0x00000006c5980000)
 Metaspace       used 31991K, capacity 33634K, committed 33792K, reserved 1079296K
  class space    used 4473K, capacity 4824K, committed 4864K, reserved 1048576K
}
Event: 4.790 GC heap before
{Heap before GC invocations=9 (full 1):
 PSYoungGen      total 117760K, used 62394K [0x000000076ab00000, 0x0000000777680000, 0x00000007c0000000)
  eden space 110080K, 49% used [0x000000076ab00000,0x000000076e075890,0x0000000771680000)
  from space 7680K, 99% used [0x0000000771680000,0x0000000771df9158,0x0000000771e00000)
  to   space 9216K, 0% used [0x0000000776d80000,0x0000000776d80000,0x0000000777680000)
 ParOldGen       total 91648K, used 7097K [0x00000006c0000000, 0x00000006c5980000, 0x000000076ab00000)
  object space 91648K, 7% used [0x00000006c0000000,0x00000006c06ee468,0x00000006c5980000)
 Metaspace       used 33456K, capacity 35276K, committed 35416K, reserved 1079296K
  class space    used 4656K, capacity 4981K, committed 4992K, reserved 1048576K
Event: 4.796 GC heap after
Heap after GC invocations=9 (full 1):
 PSYoungGen      total 198656K, used 7727K [0x000000076ab00000, 0x0000000777800000, 0x00000007c0000000)
  eden space 189440K, 0% used [0x000000076ab00000,0x000000076ab00000,0x0000000776400000)
  from space 9216K, 83% used [0x0000000776d80000,0x000000077750bcb8,0x0000000777680000)
  to   space 9728K, 0% used [0x0000000776400000,0x0000000776400000,0x0000000776d80000)
 ParOldGen       total 91648K, used 7105K [0x00000006c0000000, 0x00000006c5980000, 0x000000076ab00000)
  object space 91648K, 7% used [0x00000006c0000000,0x00000006c06f0468,0x00000006c5980000)
 Metaspace       used 33456K, capacity 35276K, committed 35416K, reserved 1079296K
  class space    used 4656K, capacity 4981K, committed 4992K, reserved 1048576K
}
Event: 4.796 GC heap before
{Heap before GC invocations=10 (full 2):
 PSYoungGen      total 198656K, used 7727K [0x000000076ab00000, 0x0000000777800000, 0x00000007c0000000)
  eden space 189440K, 0% used [0x000000076ab00000,0x000000076ab00000,0x0000000776400000)
  from space 9216K, 83% used [0x0000000776d80000,0x000000077750bcb8,0x0000000777680000)
  to   space 9728K, 0% used [0x0000000776400000,0x0000000776400000,0x0000000776d80000)
 ParOldGen       total 91648K, used 7105K [0x00000006c0000000, 0x00000006c5980000, 0x000000076ab00000)
  object space 91648K, 7% used [0x00000006c0000000,0x00000006c06f0468,0x00000006c5980000)
 Metaspace       used 33456K, capacity 35276K, committed 35416K, reserved 1079296K
  class space    used 4656K, capacity 4981K, committed 4992K, reserved 1048576K
Event: 4.831 GC heap after
Heap after GC invocations=10 (full 2):
 PSYoungGen      total 198656K, used 0K [0x000000076ab00000, 0x0000000777800000, 0x00000007c0000000)
  eden space 189440K, 0% used [0x000000076ab00000,0x000000076ab00000,0x0000000776400000)
  from space 9216K, 0% used [0x0000000776d80000,0x0000000776d80000,0x0000000777680000)
  to   space 9728K, 0% used [0x0000000776400000,0x0000000776400000,0x0000000776d80000)
 ParOldGen       total 142848K, used 11877K [0x00000006c0000000, 0x00000006c8b80000, 0x000000076ab00000)
  object space 142848K, 8% used [0x00000006c0000000,0x00000006c0b995f0,0x00000006c8b80000)
 Metaspace       used 33456K, capacity 35276K, committed 35416K, reserved 1079296K
  class space    used 4656K, capacity 4981K, committed 4992K, reserved 1048576K
}

Deoptimization events (10 events):
Event: 14.015 Thread 0x00007f929d807000 Uncommon trap: reason=unhandled action=none pc=0x00000001181349c4 method=java.net.URLClassLoader.findClass(Ljava/lang/String;)Ljava/lang/Class; @ 44
Event: 14.015 Thread 0x00007f929d807000 Uncommon trap: reason=unhandled action=none pc=0x00000001181349c4 method=java.net.URLClassLoader.findClass(Ljava/lang/String;)Ljava/lang/Class; @ 44
Event: 14.016 Thread 0x00007f929d807000 Uncommon trap: reason=unhandled action=none pc=0x00000001181349c4 method=java.net.URLClassLoader.findClass(Ljava/lang/String;)Ljava/lang/Class; @ 44
Event: 14.016 Thread 0x00007f929d807000 Uncommon trap: reason=unhandled action=none pc=0x00000001181349c4 method=java.net.URLClassLoader.findClass(Ljava/lang/String;)Ljava/lang/Class; @ 44
Event: 14.017 Thread 0x00007f929d807000 Uncommon trap: reason=unhandled action=none pc=0x00000001181349c4 method=java.net.URLClassLoader.findClass(Ljava/lang/String;)Ljava/lang/Class; @ 44
Event: 14.017 Thread 0x00007f929d807000 Uncommon trap: reason=unhandled action=none pc=0x00000001181349c4 method=java.net.URLClassLoader.findClass(Ljava/lang/String;)Ljava/lang/Class; @ 44
Event: 14.017 Thread 0x00007f929d807000 Uncommon trap: reason=unhandled action=none pc=0x00000001181349c4 method=java.net.URLClassLoader.findClass(Ljava/lang/String;)Ljava/lang/Class; @ 44
Event: 14.018 Thread 0x00007f929d807000 Uncommon trap: reason=unhandled action=none pc=0x00000001181349c4 method=java.net.URLClassLoader.findClass(Ljava/lang/String;)Ljava/lang/Class; @ 44
Event: 14.018 Thread 0x00007f929d807000 Uncommon trap: reason=unhandled action=none pc=0x00000001181349c4 method=java.net.URLClassLoader.findClass(Ljava/lang/String;)Ljava/lang/Class; @ 44
Event: 14.019 Thread 0x00007f929d807000 Uncommon trap: reason=range_check action=none pc=0x0000000117e7e3ac method=sun.reflect.generics.parser.SignatureParser.current()C @ 34

Classes redefined (4 events):
Event: 491.565 Thread 0x00007f929e005000 redefined class name=com.sapient.csvdemo.controller.CsvReadControllerTest, count=1
Event: 623.224 Thread 0x00007f929e005000 redefined class name=com.sapient.csvdemo.controller.CsvReadControllerTest, count=2
Event: 632.297 Thread 0x00007f929e005000 redefined class name=com.sapient.csvdemo.controller.CsvReadControllerTest, count=3
Event: 644.065 Thread 0x00007f929e005000 redefined class name=com.sapient.csvdemo.controller.CsvReadControllerTest, count=4

Internal exceptions (10 events):
Event: 4.933 Thread 0x00007f929d807000 Exception <a 'java/lang/ClassNotFoundException': org/springframework/context/EnvironmentAwareCustomizer> (0x000000076be2da50) thrown at [/Users/java_re/workspace/8-2-build-macosx-x86_64/jdk8u221/13320/hotspot/src/share/vm/classfile/systemDictionary.cpp, l
Event: 4.933 Thread 0x00007f929d807000 Exception <a 'java/lang/ClassNotFoundException': org/springframework/beans/factory/AwareCustomizer> (0x000000076be481b0) thrown at [/Users/java_re/workspace/8-2-build-macosx-x86_64/jdk8u221/13320/hotspot/src/share/vm/classfile/systemDictionary.cpp, line 2
Event: 4.934 Thread 0x00007f929d807000 Exception <a 'java/lang/ClassNotFoundException': javax/servlet/ServletCustomizer> (0x000000076be5cf40) thrown at [/Users/java_re/workspace/8-2-build-macosx-x86_64/jdk8u221/13320/hotspot/src/share/vm/classfile/systemDictionary.cpp, line 210]
Event: 4.934 Thread 0x00007f929d807000 Exception <a 'java/lang/ClassNotFoundException': javax/servlet/ServletConfigCustomizer> (0x000000076be76880) thrown at [/Users/java_re/workspace/8-2-build-macosx-x86_64/jdk8u221/13320/hotspot/src/share/vm/classfile/systemDictionary.cpp, line 210]
Event: 4.934 Thread 0x00007f929d807000 Exception <a 'java/lang/ArrayIndexOutOfBoundsException': 45> (0x000000076be78280) thrown at [/Users/java_re/workspace/8-2-build-macosx-x86_64/jdk8u221/13320/hotspot/src/share/vm/interpreter/interpreterRuntime.cpp, line 368]
Event: 4.943 Thread 0x00007f929d807000 Exception <a 'java/lang/ArrayIndexOutOfBoundsException': 141> (0x000000076bf30c40) thrown at [/Users/java_re/workspace/8-2-build-macosx-x86_64/jdk8u221/13320/hotspot/src/share/vm/interpreter/interpreterRuntime.cpp, line 368]
Event: 4.950 Thread 0x00007f929d807000 Exception <a 'java/lang/ClassNotFoundException': java/lang/ObjectCustomizer> (0x000000076bfe82e0) thrown at [/Users/java_re/workspace/8-2-build-macosx-x86_64/jdk8u221/13320/hotspot/src/share/vm/classfile/systemDictionary.cpp, line 210]
Event: 4.951 Thread 0x00007f929d807000 Exception <a 'java/lang/ClassNotFoundException': com/sapient/csvdemo/controller/CsvReadControllerTestCustomizer> (0x000000076c0084f8) thrown at [/Users/java_re/workspace/8-2-build-macosx-x86_64/jdk8u221/13320/hotspot/src/share/vm/classfile/systemDictionar
Event: 4.959 Thread 0x00007f929d807000 Exception <a 'java/lang/IncompatibleClassChangeError': Found class java.lang.Object, but interface was expected> (0x000000076c0c9a70) thrown at [/Users/java_re/workspace/8-2-build-macosx-x86_64/jdk8u221/13320/hotspot/src/share/vm/interpreter/linkResolver.
Event: 14.019 Thread 0x00007f929d807000 Exception <a 'java/lang/ArrayIndexOutOfBoundsException': 75> (0x000000076cc79730) thrown at [/Users/java_re/workspace/8-2-build-macosx-x86_64/jdk8u221/13320/hotspot/src/share/vm/interpreter/interpreterRuntime.cpp, line 368]

Events (10 events):
Event: 644.228 Executing VM operation: GetOrSetLocal done
Event: 644.229 Executing VM operation: GetOrSetLocal
Event: 644.229 Executing VM operation: GetOrSetLocal done
Event: 644.229 Executing VM operation: GetOrSetLocal
Event: 644.229 Executing VM operation: GetOrSetLocal done
Event: 644.229 Executing VM operation: GetOrSetLocal
Event: 644.229 Executing VM operation: GetOrSetLocal done
Event: 644.230 Executing VM operation: GetOrSetLocal
Event: 644.230 Executing VM operation: GetOrSetLocal done
Event: 644.230 Executing VM operation: GetOrSetLocal


Dynamic libraries:
0x00007fff4ef64000 	/System/Library/Frameworks/Cocoa.framework/Versions/A/Cocoa
0x00007fff5ad11000 	/System/Library/Frameworks/Security.framework/Versions/A/Security
0x00007fff4dbf7000 	/System/Library/Frameworks/ApplicationServices.framework/Versions/A/ApplicationServices
0x00007fff7ae03000 	/usr/lib/libz.1.dylib
0x00007fff7875a000 	/usr/lib/libSystem.B.dylib
0x00007fff79f93000 	/usr/lib/libobjc.A.dylib
0x00007fff4f7d9000 	/System/Library/Frameworks/CoreFoundation.framework/Versions/A/CoreFoundation
0x00007fff51a5d000 	/System/Library/Frameworks/Foundation.framework/Versions/C/Foundation
0x00007fff4cdf0000 	/System/Library/Frameworks/AppKit.framework/Versions/C/AppKit
0x00007fff4f362000 	/System/Library/Frameworks/CoreData.framework/Versions/A/CoreData
0x00007fff7221f000 	/System/Library/PrivateFrameworks/RemoteViewServices.framework/Versions/A/RemoteViewServices
0x00007fff76496000 	/System/Library/PrivateFrameworks/UIFoundation.framework/Versions/A/UIFoundation
0x00007fff77b7b000 	/System/Library/PrivateFrameworks/XCTTargetBootstrap.framework/Versions/A/XCTTargetBootstrap
0x00007fff4f6e8000 	/System/Library/Frameworks/CoreDisplay.framework/Versions/A/CoreDisplay
0x00007fff6cf59000 	/System/Library/PrivateFrameworks/IconServices.framework/Versions/A/IconServices
0x00007fff5437e000 	/System/Library/Frameworks/Metal.framework/Versions/A/Metal
0x00007fff6449c000 	/System/Library/PrivateFrameworks/DesktopServicesPriv.framework/Versions/A/DesktopServicesPriv
0x00007fff792f6000 	/usr/lib/libenergytrace.dylib
0x00007fff7497d000 	/System/Library/PrivateFrameworks/SkyLight.framework/Versions/A/SkyLight
0x00007fff4fc20000 	/System/Library/Frameworks/CoreGraphics.framework/Versions/A/CoreGraphics
0x00007fff4bbbc000 	/System/Library/Frameworks/Accelerate.framework/Versions/A/Accelerate
0x00007fff521a6000 	/System/Library/Frameworks/IOSurface.framework/Versions/A/IOSurface
0x00007fff64308000 	/System/Library/PrivateFrameworks/DFRFoundation.framework/Versions/A/DFRFoundation
0x00007fff4e0da000 	/System/Library/Frameworks/AudioToolbox.framework/Versions/A/AudioToolbox
0x00007fff4e353000 	/System/Library/Frameworks/AudioUnit.framework/Versions/A/AudioUnit
0x00007fff6439d000 	/System/Library/PrivateFrameworks/DataDetectorsCore.framework/Versions/A/DataDetectorsCore
0x00007fff4ea67000 	/System/Library/Frameworks/Carbon.framework/Versions/A/Frameworks/HIToolbox.framework/Versions/A/HIToolbox
0x00007fff7944f000 	/usr/lib/libicucore.A.dylib
0x00007fff5a284000 	/System/Library/Frameworks/QuartzCore.framework/Versions/A/QuartzCore
0x00007fff4ee3c000 	/System/Library/Frameworks/Carbon.framework/Versions/A/Frameworks/SpeechRecognition.framework/Versions/A/SpeechRecognition
0x00007fff788ae000 	/usr/lib/libauto.dylib
0x00007fff7acf6000 	/usr/lib/libxml2.2.dylib
0x00007fff63ee3000 	/System/Library/PrivateFrameworks/CoreUI.framework/Versions/A/CoreUI
0x00007fff4f24d000 	/System/Library/Frameworks/CoreAudio.framework/Versions/A/CoreAudio
0x00007fff51892000 	/System/Library/Frameworks/DiskArbitration.framework/Versions/A/DiskArbitration
0x00007fff796fd000 	/usr/lib/liblangid.dylib
0x00007fff6e364000 	/System/Library/PrivateFrameworks/MultitouchSupport.framework/Versions/A/MultitouchSupport
0x00007fff52115000 	/System/Library/Frameworks/IOKit.framework/Versions/A/IOKit
0x00007fff7831a000 	/usr/lib/libDiagnosticMessagesClient.dylib
0x00007fff50a30000 	/System/Library/Frameworks/CoreServices.framework/Versions/A/CoreServices
0x00007fff7001e000 	/System/Library/PrivateFrameworks/PerformanceAnalysis.framework/Versions/A/PerformanceAnalysis
0x00007fff5946b000 	/System/Library/Frameworks/OpenGL.framework/Versions/A/OpenGL
0x00007fff4ef72000 	/System/Library/Frameworks/ColorSync.framework/Versions/A/ColorSync
0x00007fff502b2000 	/System/Library/Frameworks/CoreImage.framework/Versions/A/CoreImage
0x00007fff51408000 	/System/Library/Frameworks/CoreText.framework/Versions/A/CoreText
0x00007fff52209000 	/System/Library/Frameworks/ImageIO.framework/Versions/A/ImageIO
0x00007fff60535000 	/System/Library/PrivateFrameworks/Backup.framework/Versions/A/Backup
0x00007fff78801000 	/usr/lib/libarchive.2.dylib
0x00007fff4e6ac000 	/System/Library/Frameworks/CFNetwork.framework/Versions/A/CFNetwork
0x00007fff5b46d000 	/System/Library/Frameworks/SystemConfiguration.framework/Versions/A/SystemConfiguration
0x00007fff7824b000 	/usr/lib/libCRFSuite.dylib
0x00007fff7899f000 	/usr/lib/libc++.1.dylib
0x00007fff789f3000 	/usr/lib/libc++abi.dylib
0x00007fff7b5f9000 	/usr/lib/system/libcache.dylib
0x00007fff7b5fe000 	/usr/lib/system/libcommonCrypto.dylib
0x00007fff7b609000 	/usr/lib/system/libcompiler_rt.dylib
0x00007fff7b611000 	/usr/lib/system/libcopyfile.dylib
0x00007fff7b61b000 	/usr/lib/system/libcorecrypto.dylib
0x00007fff7b726000 	/usr/lib/system/libdispatch.dylib
0x00007fff7b760000 	/usr/lib/system/libdyld.dylib
0x00007fff7b78d000 	/usr/lib/system/libkeymgr.dylib
0x00007fff7b79b000 	/usr/lib/system/liblaunch.dylib
0x00007fff7b79c000 	/usr/lib/system/libmacho.dylib
0x00007fff7b7a2000 	/usr/lib/system/libquarantine.dylib
0x00007fff7b7a5000 	/usr/lib/system/libremovefile.dylib
0x00007fff7b7a7000 	/usr/lib/system/libsystem_asl.dylib
0x00007fff7b7bf000 	/usr/lib/system/libsystem_blocks.dylib
0x00007fff7b7c0000 	/usr/lib/system/libsystem_c.dylib
0x00007fff7b848000 	/usr/lib/system/libsystem_configuration.dylib
0x00007fff7b84c000 	/usr/lib/system/libsystem_coreservices.dylib
0x00007fff7b850000 	/usr/lib/system/libsystem_darwin.dylib
0x00007fff7b857000 	/usr/lib/system/libsystem_dnssd.dylib
0x00007fff7b85e000 	/usr/lib/system/libsystem_info.dylib
0x00007fff7b8d3000 	/usr/lib/system/libsystem_m.dylib
0x00007fff7b91f000 	/usr/lib/system/libsystem_malloc.dylib
0x00007fff7b94a000 	/usr/lib/system/libsystem_networkextension.dylib
0x00007fff7b955000 	/usr/lib/system/libsystem_notify.dylib
0x00007fff7b972000 	/usr/lib/system/libsystem_sandbox.dylib
0x00007fff7b976000 	/usr/lib/system/libsystem_secinit.dylib
0x00007fff7b8aa000 	/usr/lib/system/libsystem_kernel.dylib
0x00007fff7b95d000 	/usr/lib/system/libsystem_platform.dylib
0x00007fff7b967000 	/usr/lib/system/libsystem_pthread.dylib
0x00007fff7b979000 	/usr/lib/system/libsystem_symptoms.dylib
0x00007fff7b981000 	/usr/lib/system/libsystem_trace.dylib
0x00007fff7b998000 	/usr/lib/system/libunwind.dylib
0x00007fff7b99e000 	/usr/lib/system/libxpc.dylib
0x00007fff78980000 	/usr/lib/libbsm.0.dylib
0x00007fff7b78e000 	/usr/lib/system/libkxld.dylib
0x00007fff5f926000 	/System/Library/PrivateFrameworks/AppleFSCompression.framework/Versions/A/AppleFSCompression
0x00007fff7861a000 	/usr/lib/libOpenScriptingUtil.dylib
0x00007fff78ca8000 	/usr/lib/libcoretls.dylib
0x00007fff78cbf000 	/usr/lib/libcoretls_cfhelpers.dylib
0x00007fff7a72a000 	/usr/lib/libpam.2.dylib
0x00007fff7a8ea000 	/usr/lib/libsqlite3.dylib
0x00007fff7ace4000 	/usr/lib/libxar.1.dylib
0x00007fff78991000 	/usr/lib/libbz2.1.0.dylib
0x00007fff796ff000 	/usr/lib/liblzma.5.dylib
0x00007fff79bb0000 	/usr/lib/libnetwork.dylib
0x00007fff787ea000 	/usr/lib/libapple_nghttp2.dylib
0x00007fff7a731000 	/usr/lib/libpcap.A.dylib
0x00007fff50dcf000 	/System/Library/Frameworks/CoreServices.framework/Versions/A/Frameworks/FSEvents.framework/Versions/A/FSEvents
0x00007fff50aae000 	/System/Library/Frameworks/CoreServices.framework/Versions/A/Frameworks/CarbonCore.framework/Versions/A/CarbonCore
0x00007fff50f8a000 	/System/Library/Frameworks/CoreServices.framework/Versions/A/Frameworks/Metadata.framework/Versions/A/Metadata
0x00007fff51029000 	/System/Library/Frameworks/CoreServices.framework/Versions/A/Frameworks/OSServices.framework/Versions/A/OSServices
0x00007fff51074000 	/System/Library/Frameworks/CoreServices.framework/Versions/A/Frameworks/SearchKit.framework/Versions/A/SearchKit
0x00007fff50a31000 	/System/Library/Frameworks/CoreServices.framework/Versions/A/Frameworks/AE.framework/Versions/A/AE
0x00007fff50dd8000 	/System/Library/Frameworks/CoreServices.framework/Versions/A/Frameworks/LaunchServices.framework/Versions/A/LaunchServices
0x00007fff50d86000 	/System/Library/Frameworks/CoreServices.framework/Versions/A/Frameworks/DictionaryServices.framework/Versions/A/DictionaryServices
0x00007fff510dc000 	/System/Library/Frameworks/CoreServices.framework/Versions/A/Frameworks/SharedFileList.framework/Versions/A/SharedFileList
0x00007fff55446000 	/System/Library/Frameworks/NetFS.framework/Versions/A/NetFS
0x00007fff6e5ca000 	/System/Library/PrivateFrameworks/NetAuth.framework/Versions/A/NetAuth
0x00007fff77f7f000 	/System/Library/PrivateFrameworks/login.framework/Versions/A/Frameworks/loginsupport.framework/Versions/A/loginsupport
0x00007fff7609f000 	/System/Library/PrivateFrameworks/TCC.framework/Versions/A/TCC
0x00007fff63540000 	/System/Library/PrivateFrameworks/CoreNLP.framework/Versions/A/CoreNLP
0x00007fff6e05f000 	/System/Library/PrivateFrameworks/MetadataUtilities.framework/Versions/A/MetadataUtilities
0x00007fff797d4000 	/usr/lib/libmecabra.dylib
0x00007fff4dbf8000 	/System/Library/Frameworks/ApplicationServices.framework/Versions/A/Frameworks/ATS.framework/Versions/A/ATS
0x00007fff4df47000 	/System/Library/Frameworks/ApplicationServices.framework/Versions/A/Frameworks/ColorSyncLegacy.framework/Versions/A/ColorSyncLegacy
0x00007fff4dfe6000 	/System/Library/Frameworks/ApplicationServices.framework/Versions/A/Frameworks/HIServices.framework/Versions/A/HIServices
0x00007fff4e039000 	/System/Library/Frameworks/ApplicationServices.framework/Versions/A/Frameworks/LangAnalysis.framework/Versions/A/LangAnalysis
0x00007fff4e049000 	/System/Library/Frameworks/ApplicationServices.framework/Versions/A/Frameworks/PrintCore.framework/Versions/A/PrintCore
0x00007fff4e093000 	/System/Library/Frameworks/ApplicationServices.framework/Versions/A/Frameworks/QD.framework/Versions/A/QD
0x00007fff4e0cd000 	/System/Library/Frameworks/ApplicationServices.framework/Versions/A/Frameworks/SpeechSynthesis.framework/Versions/A/SpeechSynthesis
0x00007fff78a1b000 	/usr/lib/libcompression.dylib
0x00007fff5464e000 	/System/Library/Frameworks/MetalPerformanceShaders.framework/Versions/A/MetalPerformanceShaders
0x00007fff4bbd4000 	/System/Library/Frameworks/Accelerate.framework/Versions/A/Frameworks/vImage.framework/Versions/A/vImage
0x00007fff4cc4e000 	/System/Library/Frameworks/Accelerate.framework/Versions/A/Frameworks/vecLib.framework/Versions/A/vecLib
0x00007fff4cb9a000 	/System/Library/Frameworks/Accelerate.framework/Versions/A/Frameworks/vecLib.framework/Versions/A/libvMisc.dylib
0x00007fff4c9b2000 	/System/Library/Frameworks/Accelerate.framework/Versions/A/Frameworks/vecLib.framework/Versions/A/libvDSP.dylib
0x00007fff4c26e000 	/System/Library/Frameworks/Accelerate.framework/Versions/A/Frameworks/vecLib.framework/Versions/A/libBLAS.dylib
0x00007fff4c55b000 	/System/Library/Frameworks/Accelerate.framework/Versions/A/Frameworks/vecLib.framework/Versions/A/libLAPACK.dylib
0x00007fff4c905000 	/System/Library/Frameworks/Accelerate.framework/Versions/A/Frameworks/vecLib.framework/Versions/A/libLinearAlgebra.dylib
0x00007fff4c99e000 	/System/Library/Frameworks/Accelerate.framework/Versions/A/Frameworks/vecLib.framework/Versions/A/libSparseBLAS.dylib
0x00007fff4c91b000 	/System/Library/Frameworks/Accelerate.framework/Versions/A/Frameworks/vecLib.framework/Versions/A/libQuadrature.dylib
0x00007fff4c4e8000 	/System/Library/Frameworks/Accelerate.framework/Versions/A/Frameworks/vecLib.framework/Versions/A/libBNNS.dylib
0x00007fff4c921000 	/System/Library/Frameworks/Accelerate.framework/Versions/A/Frameworks/vecLib.framework/Versions/A/libSparse.dylib
0x00007fff6a88e000 	/System/Library/PrivateFrameworks/GPUWrangler.framework/Versions/A/GPUWrangler
0x00007fff6cb8e000 	/System/Library/PrivateFrameworks/IOAccelerator.framework/Versions/A/IOAccelerator
0x00007fff6cb99000 	/System/Library/PrivateFrameworks/IOPresentment.framework/Versions/A/IOPresentment
0x00007fff64318000 	/System/Library/PrivateFrameworks/DSExternalDisplay.framework/Versions/A/DSExternalDisplay
0x00007fff588c2000 	/System/Library/Frameworks/OpenGL.framework/Versions/A/Libraries/libCoreFSCache.dylib
0x00007fff54442000 	/System/Library/Frameworks/MetalPerformanceShaders.framework/Frameworks/MPSCore.framework/Versions/A/MPSCore
0x00007fff54462000 	/System/Library/Frameworks/MetalPerformanceShaders.framework/Frameworks/MPSImage.framework/Versions/A/MPSImage
0x00007fff54507000 	/System/Library/Frameworks/MetalPerformanceShaders.framework/Frameworks/MPSNeuralNetwork.framework/Versions/A/MPSNeuralNetwork
0x00007fff544df000 	/System/Library/Frameworks/MetalPerformanceShaders.framework/Frameworks/MPSMatrix.framework/Versions/A/MPSMatrix
0x00007fff54633000 	/System/Library/Frameworks/MetalPerformanceShaders.framework/Frameworks/MPSRayIntersector.framework/Versions/A/MPSRayIntersector
0x00007fff6e088000 	/System/Library/PrivateFrameworks/MetalTools.framework/Versions/A/MetalTools
0x00007fff5f1d0000 	/System/Library/PrivateFrameworks/AggregateDictionary.framework/Versions/A/AggregateDictionary
0x00007fff785fa000 	/usr/lib/libMobileGestalt.dylib
0x00007fff5156b000 	/System/Library/Frameworks/CoreVideo.framework/Versions/A/CoreVideo
0x00007fff6b69f000 	/System/Library/PrivateFrameworks/GraphVisualizer.framework/Versions/A/GraphVisualizer
0x00007fff6551e000 	/System/Library/PrivateFrameworks/FaceCore.framework/Versions/A/FaceCore
0x00007fff57ef0000 	/System/Library/Frameworks/OpenCL.framework/Versions/A/OpenCL
0x00007fff78352000 	/usr/lib/libFosl_dynamic.dylib
0x00007fff6ee35000 	/System/Library/PrivateFrameworks/OTSVG.framework/Versions/A/OTSVG
0x00007fff4dcfc000 	/System/Library/Frameworks/ApplicationServices.framework/Versions/A/Frameworks/ATS.framework/Versions/A/Resources/libFontParser.dylib
0x00007fff4de14000 	/System/Library/Frameworks/ApplicationServices.framework/Versions/A/Frameworks/ATS.framework/Versions/A/Resources/libFontRegistry.dylib
0x00007fff52477000 	/System/Library/Frameworks/ImageIO.framework/Versions/A/Resources/libJPEG.dylib
0x00007fff52789000 	/System/Library/Frameworks/ImageIO.framework/Versions/A/Resources/libTIFF.dylib
0x00007fff5275f000 	/System/Library/Frameworks/ImageIO.framework/Versions/A/Resources/libPng.dylib
0x00007fff52395000 	/System/Library/Frameworks/ImageIO.framework/Versions/A/Resources/libGIF.dylib
0x00007fff5239a000 	/System/Library/Frameworks/ImageIO.framework/Versions/A/Resources/libJP2.dylib
0x00007fff52786000 	/System/Library/Frameworks/ImageIO.framework/Versions/A/Resources/libRadiance.dylib
0x00007fff5fa7d000 	/System/Library/PrivateFrameworks/AppleJPEG.framework/Versions/A/AppleJPEG
0x00007fff588cd000 	/System/Library/Frameworks/OpenGL.framework/Versions/A/Libraries/libGFXShared.dylib
0x00007fff58a90000 	/System/Library/Frameworks/OpenGL.framework/Versions/A/Libraries/libGLU.dylib
0x00007fff588d6000 	/System/Library/Frameworks/OpenGL.framework/Versions/A/Libraries/libGL.dylib
0x00007fff588e2000 	/System/Library/Frameworks/OpenGL.framework/Versions/A/Libraries/libGLImage.dylib
0x00007fff588bf000 	/System/Library/Frameworks/OpenGL.framework/Versions/A/Libraries/libCVMSPluginSupport.dylib
0x00007fff588c8000 	/System/Library/Frameworks/OpenGL.framework/Versions/A/Libraries/libCoreVMClient.dylib
0x00007fff7916c000 	/usr/lib/libcups.2.dylib
0x00007fff53949000 	/System/Library/Frameworks/Kerberos.framework/Versions/A/Kerberos
0x00007fff51e79000 	/System/Library/Frameworks/GSS.framework/Versions/A/GSS
0x00007fff7a87f000 	/usr/lib/libresolv.9.dylib
0x00007fff7935e000 	/usr/lib/libiconv.2.dylib
0x00007fff6b814000 	/System/Library/PrivateFrameworks/Heimdal.framework/Versions/A/Heimdal
0x00007fff7932e000 	/usr/lib/libheimdal-asn1.dylib
0x00007fff57f64000 	/System/Library/Frameworks/OpenDirectory.framework/Versions/A/OpenDirectory
0x00007fff622a3000 	/System/Library/PrivateFrameworks/CommonAuth.framework/Versions/A/CommonAuth
0x00007fff57f48000 	/System/Library/Frameworks/OpenDirectory.framework/Versions/A/Frameworks/CFOpenDirectory.framework/Versions/A/CFOpenDirectory
0x00007fff5b012000 	/System/Library/Frameworks/SecurityFoundation.framework/Versions/A/SecurityFoundation
0x00007fff5e716000 	/System/Library/PrivateFrameworks/APFS.framework/Versions/A/APFS
0x00007fff7ace0000 	/usr/lib/libutil.dylib
0x00007fff78a09000 	/usr/lib/libcharset.1.dylib
0x00007fff5fd1a000 	/System/Library/PrivateFrameworks/AppleSauce.framework/Versions/A/AppleSauce
0x00007fff5fe9b000 	/System/Library/PrivateFrameworks/AssertionServices.framework/Versions/A/AssertionServices
0x00007fff605cb000 	/System/Library/PrivateFrameworks/BaseBoard.framework/Versions/A/BaseBoard
0x00007fff7972f000 	/usr/lib/libmecab.1.0.0.dylib
0x00007fff79328000 	/usr/lib/libgermantok.dylib
0x00007fff787d7000 	/usr/lib/libThaiTokenizer.dylib
0x00007fff78282000 	/usr/lib/libChineseTokenizer.dylib
0x00007fff6d246000 	/System/Library/PrivateFrameworks/LanguageModeling.framework/Versions/A/LanguageModeling
0x00007fff62f85000 	/System/Library/PrivateFrameworks/CoreEmoji.framework/Versions/A/CoreEmoji
0x00007fff6d322000 	/System/Library/PrivateFrameworks/Lexicon.framework/Versions/A/Lexicon
0x00007fff6d365000 	/System/Library/PrivateFrameworks/LinguisticData.framework/Versions/A/LinguisticData
0x00007fff78a0a000 	/usr/lib/libcmph.dylib
0x00007fff5b0d0000 	/System/Library/Frameworks/ServiceManagement.framework/Versions/A/ServiceManagement
0x00007fff6052c000 	/System/Library/PrivateFrameworks/BackgroundTaskManagement.framework/Versions/A/BackgroundTaskManagement
0x00007fff7adda000 	/usr/lib/libxslt.1.dylib
0x00007fff4ed69000 	/System/Library/Frameworks/Carbon.framework/Versions/A/Frameworks/Ink.framework/Versions/A/Ink
0x00007fff76311000 	/System/Library/PrivateFrameworks/TextureIO.framework/Versions/A/TextureIO
0x00007fff7882b000 	/usr/lib/libate.dylib
0x00007fff64267000 	/System/Library/PrivateFrameworks/CrashReporterSupport.framework/Versions/A/CrashReporterSupport
0x00007fff73a4b000 	/System/Library/PrivateFrameworks/Sharing.framework/Versions/A/Sharing
0x00007fff6027e000 	/System/Library/PrivateFrameworks/AuthKit.framework/Versions/A/AuthKit
0x00007fff5f7d2000 	/System/Library/PrivateFrameworks/Apple80211.framework/Versions/A/Apple80211
0x00007fff6400f000 	/System/Library/PrivateFrameworks/CoreUtils.framework/Versions/A/CoreUtils
0x00007fff515ac000 	/System/Library/Frameworks/CoreWLAN.framework/Versions/A/CoreWLAN
0x00007fff51fa8000 	/System/Library/Frameworks/IOBluetooth.framework/Versions/A/IOBluetooth
0x00007fff71ebf000 	/System/Library/PrivateFrameworks/ProtocolBuffer.framework/Versions/A/ProtocolBuffer
0x00007fff6e2c0000 	/System/Library/PrivateFrameworks/MobileKeyBag.framework/Versions/A/MobileKeyBag
0x00007fff63853000 	/System/Library/PrivateFrameworks/CorePhoneNumbers.framework/Versions/A/CorePhoneNumbers
0x00007fff5fa31000 	/System/Library/PrivateFrameworks/AppleIDAuthSupport.framework/Versions/A/AppleIDAuthSupport
0x00007fff6d219000 	/System/Library/PrivateFrameworks/KeychainCircle.framework/Versions/A/KeychainCircle
0x00007fff72075000 	/System/Library/PrivateFrameworks/ROCKit.framework/Versions/A/ROCKit
0x00007fff64203000 	/System/Library/PrivateFrameworks/CoreWiFi.framework/Versions/A/CoreWiFi
0x00007fff4f337000 	/System/Library/Frameworks/CoreBluetooth.framework/Versions/A/CoreBluetooth
0x00007fff6445e000 	/System/Library/PrivateFrameworks/DebugSymbols.framework/Versions/A/DebugSymbols
0x00007fff63dcf000 	/System/Library/PrivateFrameworks/CoreSymbolication.framework/Versions/A/CoreSymbolication
0x00007fff75b2c000 	/System/Library/PrivateFrameworks/Symbolication.framework/Versions/A/Symbolication
0x00007fff753cf000 	/System/Library/PrivateFrameworks/SpeechRecognitionCore.framework/Versions/A/SpeechRecognitionCore
0x000000010f000000 	/Library/Java/JavaVirtualMachines/jdk1.8.0_221.jdk/Contents/Home/jre/lib/server/libjvm.dylib
0x00007fff7abbb000 	/usr/lib/libstdc++.6.dylib
0x000000010d630000 	/Library/Java/JavaVirtualMachines/jdk1.8.0_221.jdk/Contents/Home/jre/lib/libverify.dylib
0x000000010d63e000 	/Library/Java/JavaVirtualMachines/jdk1.8.0_221.jdk/Contents/Home/jre/lib/libjava.dylib
0x000000010d675000 	/Library/Java/JavaVirtualMachines/jdk1.8.0_221.jdk/Contents/Home/jre/lib/libjdwp.dylib
0x000000010d6c0000 	/Library/Java/JavaVirtualMachines/jdk1.8.0_221.jdk/Contents/Home/jre/lib/libnpt.dylib
0x000000010d6c4000 	/Library/Java/JavaVirtualMachines/jdk1.8.0_221.jdk/Contents/Home/jre/lib/libinstrument.dylib
0x000000010d761000 	/Library/Java/JavaVirtualMachines/jdk1.8.0_221.jdk/Contents/Home/jre/lib/libzip.dylib
0x000000011463c000 	/Library/Java/JavaVirtualMachines/jdk1.8.0_221.jdk/Contents/Home/jre/lib/libdt_socket.dylib
0x0000000114aae000 	/Library/Java/JavaVirtualMachines/jdk1.8.0_221.jdk/Contents/Home/jre/lib/libnet.dylib
0x0000000114917000 	/Library/Java/JavaVirtualMachines/jdk1.8.0_221.jdk/Contents/Home/jre/lib/libmanagement.dylib
0x0000000114fbc000 	/Library/Java/JavaVirtualMachines/jdk1.8.0_221.jdk/Contents/Home/jre/lib/libnio.dylib

VM Arguments:
jvm_args: -agentlib:jdwp=transport=dt_socket,suspend=y,address=localhost:60982 -ea -javaagent:/Users/samp/eclipse/jee-2019-09/Eclipse.app/Contents/Eclipse/configuration/org.eclipse.osgi/404/0/.cp/lib/javaagent-shaded.jar -Dfile.encoding=UTF-8 
java_command: org.eclipse.jdt.internal.junit.runner.RemoteTestRunner -version 3 -port 60981 -testLoaderClass org.eclipse.jdt.internal.junit5.runner.JUnit5TestLoader -loaderpluginname org.eclipse.jdt.junit5.runtime -test com.sapient.csvdemo.controller.CsvReadControllerTest:testGetUpdatedEmployeeRecords
java_class_path (initial): /Users/samp/CSVApp/CsvReader/target/test-classes:/Users/samp/CSVApp/CsvReader/target/classes:/Users/samp/.m2/repository/org/springframework/boot/spring-boot-starter-cache/2.2.4.RELEASE/spring-boot-starter-cache-2.2.4.RELEASE.jar:/Users/samp/.m2/repository/org/springframework/boot/spring-boot-starter/2.2.4.RELEASE/spring-boot-starter-2.2.4.RELEASE.jar:/Users/samp/.m2/repository/org/springframework/boot/spring-boot/2.2.4.RELEASE/spring-boot-2.2.4.RELEASE.jar:/Users/samp/.m2/repository/org/springframework/boot/spring-boot-autoconfigure/2.2.4.RELEASE/spring-boot-autoconfigure-2.2.4.RELEASE.jar:/Users/samp/.m2/repository/org/springframework/boot/spring-boot-starter-logging/2.2.4.RELEASE/spring-boot-starter-logging-2.2.4.RELEASE.jar:/Users/samp/.m2/repository/ch/qos/logback/logback-classic/1.2.3/logback-classic-1.2.3.jar:/Users/samp/.m2/repository/ch/qos/logback/logback-core/1.2.3/logback-core-1.2.3.jar:/Users/samp/.m2/repository/org/apache/logging/log4j/log4j-to-slf4j/2.12.1/log4j-to-slf4j-2.12.1.jar:/Users/samp/.m2/repository/org/apache/logging/log4j/log4j-api/2.12.1/log4j-api-2.12.1.jar:/Users/samp/.m2/repository/org/slf4j/jul-to-slf4j/1.7.30/jul-to-slf4j-1.7.30.jar:/Users/samp/.m2/repository/jakarta/annotation/jakarta.annotation-api/1.3.5/jakarta.annotation-api-1.3.5.jar:/Users/samp/.m2/repository/org/yaml/snakeyaml/1.25/snakeyaml-1.25.jar:/Users/samp/.m2/repository/org/springframework/spring-context-support/5.2.3.RELEASE/spring-context-support-5.2.3.RELEASE.jar:/Users/samp/.m2/repository/org/springframework/spring-beans/5.2.3.RELEASE/spring-beans-5.2.3.RELEASE.jar:/Users/samp/.m2/repository/org/springframework/spring-context/5.2.3.RELEASE/spring-context-5.2.3.RELEASE.jar:/Users/samp/.m2/repository/org/springframework/boot/spring-boot-starter-web/2.2.4.RELEASE/spring-boot-starter-web-2.2.4.RELEASE.jar:/Users/samp/.m2/repository/org/springframework/boot/spring-boot-starter-json/2.2.4.RELEASE/spring-boot-starter-json-2.2.4.RELEASE.jar:/Users
Launcher Type: SUN_STANDARD

Environment Variables:
PATH=/usr/bin:/bin:/usr/sbin:/sbin
SHELL=/bin/bash

Signal Handlers:
SIGSEGV: [libjvm.dylib+0x5b71a7], sa_mask[0]=11111111011111110111111111111111, sa_flags=SA_ONSTACK|SA_RESTART|SA_SIGINFO
SIGBUS: [libjvm.dylib+0x5b71a7], sa_mask[0]=11111111011111110111111111111111, sa_flags=SA_RESTART|SA_SIGINFO
SIGFPE: [libjvm.dylib+0x48c8fc], sa_mask[0]=11111111011111110111111111111111, sa_flags=SA_RESTART|SA_SIGINFO
SIGPIPE: [libjvm.dylib+0x48c8fc], sa_mask[0]=11111111011111110111111111111111, sa_flags=SA_RESTART|SA_SIGINFO
SIGXFSZ: [libjvm.dylib+0x48c8fc], sa_mask[0]=11111111011111110111111111111111, sa_flags=SA_RESTART|SA_SIGINFO
SIGILL: [libjvm.dylib+0x48c8fc], sa_mask[0]=11111111011111110111111111111111, sa_flags=SA_RESTART|SA_SIGINFO
SIGUSR1: SIG_DFL, sa_mask[0]=00000000000000000000000000000000, sa_flags=none
SIGUSR2: [libjvm.dylib+0x48c41a], sa_mask[0]=00100000000000000000000000000000, sa_flags=SA_RESTART|SA_SIGINFO
SIGHUP: [libjvm.dylib+0x48a9a5], sa_mask[0]=11111111011111110111111111111111, sa_flags=SA_RESTART|SA_SIGINFO
SIGINT: [libjvm.dylib+0x48a9a5], sa_mask[0]=11111111011111110111111111111111, sa_flags=SA_RESTART|SA_SIGINFO
SIGTERM: [libjvm.dylib+0x48a9a5], sa_mask[0]=11111111011111110111111111111111, sa_flags=SA_RESTART|SA_SIGINFO
SIGQUIT: [libjvm.dylib+0x48a9a5], sa_mask[0]=11111111011111110111111111111111, sa_flags=SA_RESTART|SA_SIGINFO


---------------  S Y S T E M  ---------------

OS:Bsduname:Darwin 18.7.0 Darwin Kernel Version 18.7.0: Sat Oct 12 00:02:19 PDT 2019; root:xnu-4903.278.12~1/RELEASE_X86_64 x86_64
rlimit: STACK 8192k, CORE 0k, NPROC 1418, NOFILE 10240, AS infinity
load average:2.11 1.78 1.80

CPU:total 12 (initial active 12) (6 cores per cpu, 2 threads per core) family 6 model 158 stepping 10, cmov, cx8, fxsr, mmx, sse, sse2, sse3, ssse3, sse4.1, sse4.2, popcnt, avx, avx2, aes, clmul, erms, 3dnowpref, lzcnt, ht, tsc, tscinvbit, bmi1, bmi2, adx

Memory: 4k page, physical 16777216k(443856k free)

/proc/meminfo:


vm_info: Java HotSpot(TM) 64-Bit Server VM (25.221-b11) for bsd-amd64 JRE (1.8.0_221-b11), built on Jul  4 2019 04:36:22 by "java_re" with gcc 4.2.1 (Based on Apple Inc. build 5658) (LLVM build 2336.11.00)

time: Thu Feb 27 13:46:09 2020
timezone: IST
elapsed time: 644 seconds (0d 0h 10m 44s)

